-------- Log file tilted.log -------

Executable: /Users/rdeitrick/opt/anaconda3/bin/vplanet
Version: Unknown
System Name: tilted
Primary Input File: vpl.in
Body File #1: sun.in
Body File #2: earth.in
Allow files to be overwitten: Yes
Mass Units: Grams
Length Units: Meters
Time Units: Seconds
Angle Units: Radians

------- FORMATTING -----
Verbosity Level: 5
Crossover Decade for Scientific Notation: 4
Number of Digits After Decimal: 6
Integration Method: Runge-Kutta4
Direction: Forward
Time Step: 3.155760e+07
Stop Time: 3.155760e+10
Output Interval: 3.155760e+09
Use Variable Timestep: Yes
dEta: 0.100000
Minimum Value of ecc and obl: 0.000000


---- INITIAL SYSTEM PROPERTIES ----
(Age) System Age [sec]: 0.000000 
(Time) Simulation Time [sec]: 0.000000 
(TotAngMom) Total Angular Momentum [kg*m^2/sec]: 1.501063e+42 
(TotEnergy) Total System Energy [kg*m^2/sec^2]: -7.839372e+41 
(PotEnergy) Body's non-orbital Potential Energy [kg*m^2/sec^2]: -7.839908e+41 
(KinEnergy) Body's non-orbital Kinetic Energy [kg*m^2/sec^2]: 5.361272e+37 
(DeltaTime) Average Timestep Over Last Output Interval [sec]: 0.000000 

----- BODY: sun ----
Active Modules: STELLAR
Module Bit Sum: 65
Color: 000000
(Mass) Mass [kg]: 1.988416e+30 
(Radius) Radius [m]: 2.019571e+08 
(RadGyra) Radius of Gyration/Moment of Inertia Constant []: 0.500000 
(RotAngMom) Rotational Angular Momentum [kg*m^2/sec]: 1.474456e+42 
(RotVel) Rotational Velocity [m/sec]: 1.468674e+04 
(BodyType) Type of Body (0 == planet) []: 0.000000 
(RotRate) Rotational Frequency [/sec]: 7.272205e-05 
(RotPer) Rotational Period [sec]: 8.640000e+04 
(Density) Average Density [kg/m^3]: 5.762900e+04 
(HZLimitDryRunaway) Semi-major axis of Dry Runaway HZ Limit [m]: 1.371395e+11 
(HZLimRecVenus) Recent Venus HZ Limit [m]: 1.130106e+11 
(HZLimRunaway) Runaway Greenhouse HZ Limit [m]: 1.475704e+11 
(HZLimMoistGreenhouse) Moist Greenhouse HZ Limit [m]: 1.495306e+11 
(HZLimMaxGreenhouse) Maximum Greenhouse HZ Limit [m]: 2.534606e+11 
(HZLimEarlyMars) Early Mars HZ Limit [m]: 2.765460e+11 
(Instellation) Orbit-averaged INcident STELLar radiATION [kg*m^2/sec^2/(m^2*sec)]: -1.000000 
(CriticalSemiMajorAxis) Holman & Wiegert (1999) P-type Critical Semi-major Axis [m]: -1.000000 
(LXUVTot) Total XUV Luminosity [kg*m^2/sec^2/(m^2*sec)]: 3.923221e+23 
(LostEnergy) Body's Total Lost Energy [kg*m^2/sec^2]: 5.562685e-309 
(LostAngMom) Lost Angular Momentum due to Magnetic Braking [kg*m^2/sec]: 5.562685e-309 
----- STELLAR PARAMETERS (sun)------
(Luminosity) Luminosity [kg*m^2/sec^3]: 3.923221e+26 
(LXUVStellar) Base X-ray/XUV Luminosity [kg*m^2/sec^3]: 3.923221e+23 
(Temperature) Effective Temperature [K]: 5778.000000 
(LXUVFrac) Fraction of luminosity in XUV []: 0.001000 
(RossbyNumber) Rossby Number []: 0.078260 
(DRotPerDtStellar) Time Rate of Change of Rotation Period in STELLAR []: 6.558557e-13 
Output Order:
Grid Output Order:

----- BODY: earth ----
Active Modules: POISE
Module Bit Sum: 257
Color: 000000
(Mass) Mass [kg]: 5.971546e+24 
(Obliquity) Obliquity [rad]: 0.410152 
(PrecA) Body's precession angle [rad]: 0.000000 
(Radius) Radius [m]: 6.378100e+06 
(RadGyra) Radius of Gyration/Moment of Inertia Constant []: 0.500000 
(BodyType) Type of Body (0 == planet) []: 0.000000 
(Density) Average Density [kg/m^3]: 5494.449526 
(HZLimitDryRunaway) Semi-major axis of Dry Runaway HZ Limit [m]: 1.199357e+11 
(HZLimRecVenus) Recent Venus HZ Limit [m]: 1.130106e+11 
(HZLimRunaway) Runaway Greenhouse HZ Limit [m]: 1.475704e+11 
(HZLimMoistGreenhouse) Moist Greenhouse HZ Limit [m]: 1.495306e+11 
(HZLimMaxGreenhouse) Maximum Greenhouse HZ Limit [m]: 2.534606e+11 
(HZLimEarlyMars) Early Mars HZ Limit [m]: 2.765460e+11 
(Instellation) Orbit-averaged INcident STELLar radiATION [kg*m^2/sec^2/(m^2*sec)]: 1395.024993 
(Eccentricity) Orbital Eccentricity []: 0.000000 
(MeanMotion) Orbital Mean Motion [/sec]: 1.990986e-07 
(OrbPeriod) Orbital Period [sec]: 3.155815e+07 
(SemiMajorAxis) Semi-major Axis [m]: 1.495979e+11 
(COPP) Climate Obliquity Precession Parameter []: 0.000000 
-----POISE PARAMETERS (earth)------
(TGlobal) Global mean temperature from POISE [Celsius]: 33.052135 
(AlbedoGlobal) Global mean bond albedo from POISE []: 0.235157 
(FluxInGlobal) Global mean flux in (insol*(1-albedo)) from POISE [kg*m^2/sec^2/(m^2*sec)]: 273.067111 
(FluxOutGlobal) Global mean flux out from POISE [W/m^2]: 273.128963 
(TotIceMass) Global total ice mass in ice sheets [kg]: 0.000000 
(TotIceFlow) Global total ice flow in ice sheets (should = 0) [kg]: 0.000000 
(TotIceBalance) Global total ice balance in ice sheets (this time step) [kg]: 0.000000 
(SkipSeas) Is Seasonal model skipped due to RGH or snowball? []: 0.000000 
(AreaIceCov) Fractional area ice covered []: 0.000000 
(Latitude) Latitude. [deg]: -83.402352 
(TempLat) Surface temperature by latitude. [Celsius]: 4.081552 
(AlbedoLat) Surface albedo by latitude. []: 0.331077 
(AnnInsol) Annual insolation by latitude. [W/m^2]: 179.599080 
(FluxMerid) Total meridional (northward) flux by latitude [PW]: -1.289444 
(FluxIn) Incoming flux by latitude [W/m^2]: 124.837914 
(FluxOut) Outgoing (spaceward) flux by latitude [W/m^2]: 212.580444 
(DivFlux) Divergence of flux (flow into adjacent cells) by latitude [W/m^2]: -87.232460 
(IceMass) Mass of ice sheets/area by latitude []: 0.000000 
(IceHeight) Height of ice sheets [m]: 0.000000 
(DIceMassDt) derivative of mass of ice sheets/area by latitude [m]: 0.000000 
(IceFlow) flow of ice sheets/area by latitude [m/s]: 0.000000 
(EnergyResL) Energy residual on land [kg*m^2/sec^2/(m^2*sec)]: 6.039613e-13 
(EnergyResW) Energy residual over water [kg*m^2/sec^2/(m^2*sec)]: -8.455459e-13 
(BedrockH) height/depth of bedrock [m]: 0.000000 
(TempLandLat) Land surface temperature by latitude. [Celsius]: 0.090183 
(TempWaterLat) Water surface temperature by latitude. [Celsius]: 5.412008 
(AlbedoLandLat) Land surface albedo by latitude. []: 0.516932 
(AlbedoWaterLat) Water surface albedo by latitude. []: 0.269126 
(TempMinLat) Minimum surface temperature over a year by latitude. [Celsius]: -2.541096 
(TempMaxLat) Maximum surface temperature over a year by latitude. [Celsius]: 14.148316 
(Snowball) Is the planet in a snowball state? []: 0.000000 
(PlanckBAvg) Annually averaged Planck B coeff []: 2.090000 
(IceAccum) Ice growth per orbit (accumulation only) []: 0.445384 
(IceAblate) ice decay per orbit (ablation only) []: -0.440791 
(TempMaxLand) Maximum surface temperature on land [sec]: 308.163645 
(TempMaxWater) Maximum surface temperature on water [sec]: 281.505890 
(PeakInsol) Peak insolation by latitude. [kg*m^2/sec^2/(m^2*sec)]: 552.581043 
(IceCapNorthLand) Does the planet have a northern polar ice cap on land? []: 0.000000 
(IceCapNorthSea) Does the planet have a northern polar sea ice cap []: 0.000000 
(IceCapSouthLand) Does the planet have a southern polar ice cap on land? []: 0.000000 
(IceCapSouthSea) Does the planet have a southern polar sea ice cap? []: 0.000000 
(IceBeltLand) Does the planet have a land ice belt? []: 0.000000 
(IceBeltSea) Does the planet have a sea ice belt? []: 0.000000 
(SnowballLand) Is all land covered in ice? []: 0.000000 
(SnowballSea) Is all sea covered in ice? []: 0.000000 
(IceFree) Is the planet free of sea and land ice? []: 1.000000 
(IceCapNorthLatLand) Southernmost extent of northern land ice cap. [rad]: 100.000000 
(IceCapNorthLatSea) Southernmost extent of northern sea ice cap. [rad]: 100.000000 
(IceCapSouthLatLand) Northernmost extent of southern land ice cap. [rad]: 100.000000 
(IceCapSouthLatSea) Northernmost extent of southern sea ice cap. [rad]: 100.000000 
(IceBeltNorthLatLand) Northernmost extent of land ice belt. [rad]: 100.000000 
(IceBeltNorthLatSea) Northernmost extent of sea ice belt. [rad]: 100.000000 
(IceBeltSouthLatLand) Southernmost extent of land ice belt. [rad]: 100.000000 
(IceBeltSouthLatSea) Southernmost extent of sea ice belt. [rad]: 100.000000 
Output Order: Time[year] PrecA[deg] TGlobal[Celsius] AlbedoGlobal[] FluxOutGlobal[W/m^2] TotIceMass[kg] TotIceFlow[kg] TotIceBalance[kg] DeltaTime[year] AreaIceCov[year] Snowball[] Obliquity[deg] Eccentricity[]
Grid Output Order: Time[year] Latitude[deg] TempLat[Celsius] AlbedoLat[] AnnInsol[W/m^2] FluxIn[W/m^2] FluxOut[W/m^2] IceMass[W/m^2] IceHeight[m] DIceMassDt[au] IceFlow[m/s] BedrockH[m] TempMaxLat[Celsius] TempMinLat[Celsius] FluxMerid[PW] DivFlux[W/m^2] TempLandLat[Celsius] TempWaterLat[Celsius]



---- FINAL SYSTEM PROPERTIES ----
(Age) System Age [sec]: 3.155760e+10 
(Time) Simulation Time [sec]: 3.155760e+10 
(TotAngMom) Total Angular Momentum [kg*m^2/sec]: 1.501063e+42 
(TotEnergy) Total System Energy [kg*m^2/sec^2]: -7.839372e+41 
(PotEnergy) Body's non-orbital Potential Energy [kg*m^2/sec^2]: -7.839908e+41 
(KinEnergy) Body's non-orbital Kinetic Energy [kg*m^2/sec^2]: 5.361270e+37 
(DeltaTime) Average Timestep Over Last Output Interval [sec]: 1.017987e+08 

----- BODY: sun ----
Active Modules: STELLAR
Module Bit Sum: 65
Color: 000000
(Mass) Mass [kg]: 1.988416e+30 
(Radius) Radius [m]: 2.019571e+08 
(RadGyra) Radius of Gyration/Moment of Inertia Constant []: 0.500000 
(RotAngMom) Rotational Angular Momentum [kg*m^2/sec]: 1.474455e+42 
(RotVel) Rotational Velocity [m/sec]: 1.468673e+04 
(BodyType) Type of Body (0 == planet) []: 0.000000 
(RotRate) Rotational Frequency [/sec]: 7.272203e-05 
(RotPer) Rotational Period [sec]: 8.640002e+04 
(Density) Average Density [kg/m^3]: 5.762900e+04 
(HZLimitDryRunaway) Semi-major axis of Dry Runaway HZ Limit [m]: 1.371395e+11 
(HZLimRecVenus) Recent Venus HZ Limit [m]: 1.130106e+11 
(HZLimRunaway) Runaway Greenhouse HZ Limit [m]: 1.475704e+11 
(HZLimMoistGreenhouse) Moist Greenhouse HZ Limit [m]: 1.495306e+11 
(HZLimMaxGreenhouse) Maximum Greenhouse HZ Limit [m]: 2.534606e+11 
(HZLimEarlyMars) Early Mars HZ Limit [m]: 2.765460e+11 
(Instellation) Orbit-averaged INcident STELLar radiATION [kg*m^2/sec^2/(m^2*sec)]: -1.000000 
(CriticalSemiMajorAxis) Holman & Wiegert (1999) P-type Critical Semi-major Axis [m]: -1.000000 
(LXUVTot) Total XUV Luminosity [kg*m^2/sec^2/(m^2*sec)]: 3.923221e+23 
(LostEnergy) Body's Total Lost Energy [kg*m^2/sec^2]: 2.568599e+31 
(LostAngMom) Lost Angular Momentum due to Magnetic Braking [kg*m^2/sec]: 3.532077e+35 
----- STELLAR PARAMETERS (sun)------
(Luminosity) Luminosity [kg*m^2/sec^3]: 3.923221e+26 
(LXUVStellar) Base X-ray/XUV Luminosity [kg*m^2/sec^3]: 3.923221e+23 
(Temperature) Effective Temperature [K]: 5778.000000 
(LXUVFrac) Fraction of luminosity in XUV []: 0.001000 
(RossbyNumber) Rossby Number []: 0.078260 
(DRotPerDtStellar) Time Rate of Change of Rotation Period in STELLAR []: 6.558558e-13 
Output Order:
Grid Output Order:

----- BODY: earth ----
Active Modules: POISE
Module Bit Sum: 257
Color: 000000
(Mass) Mass [kg]: 5.971546e+24 
(Obliquity) Obliquity [rad]: 0.410152 
(PrecA) Body's precession angle [rad]: 0.000000 
(Radius) Radius [m]: 6.378100e+06 
(RadGyra) Radius of Gyration/Moment of Inertia Constant []: 0.500000 
(BodyType) Type of Body (0 == planet) []: 0.000000 
(Density) Average Density [kg/m^3]: 5494.449526 
(HZLimitDryRunaway) Semi-major axis of Dry Runaway HZ Limit [m]: 1.199357e+11 
(HZLimRecVenus) Recent Venus HZ Limit [m]: 1.130106e+11 
(HZLimRunaway) Runaway Greenhouse HZ Limit [m]: 1.475704e+11 
(HZLimMoistGreenhouse) Moist Greenhouse HZ Limit [m]: 1.495306e+11 
(HZLimMaxGreenhouse) Maximum Greenhouse HZ Limit [m]: 2.534606e+11 
(HZLimEarlyMars) Early Mars HZ Limit [m]: 2.765460e+11 
(Instellation) Orbit-averaged INcident STELLar radiATION [kg*m^2/sec^2/(m^2*sec)]: 1395.024993 
(Eccentricity) Orbital Eccentricity []: 0.000000 
(MeanMotion) Orbital Mean Motion [/sec]: 1.990986e-07 
(OrbPeriod) Orbital Period [sec]: 3.155815e+07 
(SemiMajorAxis) Semi-major Axis [m]: 1.495979e+11 
(COPP) Climate Obliquity Precession Parameter []: 0.000000 
-----POISE PARAMETERS (earth)------
(TGlobal) Global mean temperature from POISE [Celsius]: 33.058955 
(AlbedoGlobal) Global mean bond albedo from POISE []: 0.235157 
(FluxInGlobal) Global mean flux in (insol*(1-albedo)) from POISE [kg*m^2/sec^2/(m^2*sec)]: 273.067111 
(FluxOutGlobal) Global mean flux out from POISE [W/m^2]: 273.143217 
(TotIceMass) Global total ice mass in ice sheets [kg]: 0.000000 
(TotIceFlow) Global total ice flow in ice sheets (should = 0) [kg]: 0.000000 
(TotIceBalance) Global total ice balance in ice sheets (this time step) [kg]: 0.000000 
(SkipSeas) Is Seasonal model skipped due to RGH or snowball? []: 0.000000 
(AreaIceCov) Fractional area ice covered []: 0.000000 
(Latitude) Latitude. [deg]: 83.402352 
(TempLat) Surface temperature by latitude. [Celsius]: 4.099178 
(AlbedoLat) Surface albedo by latitude. []: 0.331078 
(AnnInsol) Annual insolation by latitude. [W/m^2]: 179.599080 
(FluxMerid) Total meridional (northward) flux by latitude [PW]: 1.289202 
(FluxIn) Incoming flux by latitude [W/m^2]: 124.837218 
(FluxOut) Outgoing (spaceward) flux by latitude [W/m^2]: 212.617283 
(DivFlux) Divergence of flux (flow into adjacent cells) by latitude [W/m^2]: -87.216036 
(IceMass) Mass of ice sheets/area by latitude []: 0.000000 
(IceHeight) Height of ice sheets [m]: 0.000000 
(DIceMassDt) derivative of mass of ice sheets/area by latitude [m]: 0.000000 
(IceFlow) flow of ice sheets/area by latitude [m/s]: 0.000000 
(EnergyResL) Energy residual on land [kg*m^2/sec^2/(m^2*sec)]: -1.568217 
(EnergyResW) Energy residual over water [kg*m^2/sec^2/(m^2*sec)]: 0.316213 
(BedrockH) height/depth of bedrock [m]: 0.000000 
(TempLandLat) Land surface temperature by latitude. [Celsius]: 0.100675 
(TempWaterLat) Water surface temperature by latitude. [Celsius]: 5.432013 
(AlbedoLandLat) Land surface albedo by latitude. []: 0.516933 
(AlbedoWaterLat) Water surface albedo by latitude. []: 0.269126 
(TempMinLat) Minimum surface temperature over a year by latitude. [Celsius]: -2.521981 
(TempMaxLat) Maximum surface temperature over a year by latitude. [Celsius]: 14.158771 
(Snowball) Is the planet in a snowball state? []: 0.000000 
(PlanckBAvg) Annually averaged Planck B coeff []: 2.090000 
(IceAccum) Ice growth per orbit (accumulation only) []: 0.445384 
(IceAblate) ice decay per orbit (ablation only) []: -0.389077 
(TempMaxLand) Maximum surface temperature on land [sec]: 308.153631 
(TempMaxWater) Maximum surface temperature on water [sec]: 281.525266 
(PeakInsol) Peak insolation by latitude. [kg*m^2/sec^2/(m^2*sec)]: 552.560575 
(IceCapNorthLand) Does the planet have a northern polar ice cap on land? []: 0.000000 
(IceCapNorthSea) Does the planet have a northern polar sea ice cap []: 0.000000 
(IceCapSouthLand) Does the planet have a southern polar ice cap on land? []: 0.000000 
(IceCapSouthSea) Does the planet have a southern polar sea ice cap? []: 0.000000 
(IceBeltLand) Does the planet have a land ice belt? []: 0.000000 
(IceBeltSea) Does the planet have a sea ice belt? []: 0.000000 
(SnowballLand) Is all land covered in ice? []: 0.000000 
(SnowballSea) Is all sea covered in ice? []: 0.000000 
(IceFree) Is the planet free of sea and land ice? []: 1.000000 
(IceCapNorthLatLand) Southernmost extent of northern land ice cap. [rad]: 100.000000 
(IceCapNorthLatSea) Southernmost extent of northern sea ice cap. [rad]: 100.000000 
(IceCapSouthLatLand) Northernmost extent of southern land ice cap. [rad]: 100.000000 
(IceCapSouthLatSea) Northernmost extent of southern sea ice cap. [rad]: 100.000000 
(IceBeltNorthLatLand) Northernmost extent of land ice belt. [rad]: 100.000000 
(IceBeltNorthLatSea) Northernmost extent of sea ice belt. [rad]: 100.000000 
(IceBeltSouthLatLand) Southernmost extent of land ice belt. [rad]: 100.000000 
(IceBeltSouthLatSea) Southernmost extent of sea ice belt. [rad]: 100.000000 
Output Order: Time[year] PrecA[deg] TGlobal[Celsius] AlbedoGlobal[] FluxOutGlobal[W/m^2] TotIceMass[kg] TotIceFlow[kg] TotIceBalance[kg] DeltaTime[year] AreaIceCov[year] Snowball[] Obliquity[deg] Eccentricity[]
Grid Output Order: Time[year] Latitude[deg] TempLat[Celsius] AlbedoLat[] AnnInsol[W/m^2] FluxIn[W/m^2] FluxOut[W/m^2] IceMass[W/m^2] IceHeight[m] DIceMassDt[au] IceFlow[m/s] BedrockH[m] TempMaxLat[Celsius] TempMinLat[Celsius] FluxMerid[PW] DivFlux[W/m^2] TempLandLat[Celsius] TempWaterLat[Celsius]
